<?xml version="1.0" encoding="UTF-8"?>
<!-- Generated by org.testng.reporters.JUnitXMLReporter -->
<testsuite ignored="0" hostname="VinothKumarG" failures="0" tests="9" name="Test_3" time="0.083" errors="0" timestamp="2023-09-20T23:06:32 IST">
  <testcase classname="com.passport.testcase.VerifyCustomer" name="searchCustomer" time="0.0">
    <skipped/>
  </testcase> <!-- searchCustomer -->
  <testcase classname="com.passport.testcase.VerifyCustomer" name="searchCustomer" time="0.0">
    <skipped/>
  </testcase> <!-- searchCustomer -->
  <testcase classname="com.passport.testcase.VerifyCustomer" name="searchCustomer" time="0.0">
    <skipped/>
  </testcase> <!-- searchCustomer -->
  <testcase classname="com.passport.testcase.VerifyCustomer" name="searchCustomer" time="0.0">
    <skipped/>
  </testcase> <!-- searchCustomer -->
  <testcase classname="com.passport.testcase.VerifyCustomer" name="searchCustomer" time="0.0">
    <skipped/>
  </testcase> <!-- searchCustomer -->
  <testcase classname="com.passport.testcase.VerifyCustomer" name="searchCustomer" time="0.0">
    <skipped/>
  </testcase> <!-- searchCustomer -->
  <testcase classname="com.passport.testcase.VerifyCustomer" name="searchCustomer" time="0.0">
    <skipped/>
  </testcase> <!-- searchCustomer -->
  <testcase classname="com.passport.testcase.VerifyCustomer" name="searchCustomer" time="0.0">
    <skipped/>
  </testcase> <!-- searchCustomer -->
  <testcase classname="com.passport.testcase.VerifyCustomer" name="searchCustomer" time="0.0">
    <skipped/>
  </testcase> <!-- searchCustomer -->
</testsuite> <!-- Test_3 -->
