<?xml version="1.0" encoding="UTF-8"?>
<!-- Generated by org.testng.reporters.JUnitXMLReporter -->
<testsuite ignored="2" hostname="VinothKumarG" failures="0" tests="19" name="Test_2" time="3.75" errors="0" timestamp="2023-09-21T22:47:18 IST">
  <testcase classname="com.passport.testcase.AddCustomerTest" name="addCustomer" time="0.338"/>
  <testcase classname="com.passport.testcase.AddCustomerTest" name="addCustomer" time="0.183"/>
  <testcase classname="com.passport.testcase.AddCustomerTest" name="addCustomer" time="0.175"/>
  <testcase classname="com.passport.testcase.AddCustomerTest" name="addCustomer" time="0.244"/>
  <testcase classname="com.passport.testcase.AddCustomerTest" name="addCustomer" time="0.218"/>
  <testcase classname="com.passport.testcase.AddCustomerTest" name="addCustomer" time="0.201"/>
  <testcase classname="com.passport.testcase.AddCustomerTest" name="addCustomer" time="0.209"/>
  <testcase classname="com.passport.testcase.AddCustomerTest" name="addCustomer" time="0.215"/>
  <testcase classname="com.passport.testcase.AddCustomerTest" name="addCustomer" time="0.194"/>
  <testcase classname="com.passport.testcase.AddCustomerTest" name="demoTEst" time="0.001"/>
  <testcase classname="com.passport.testcase.OpenAccountTest" name="openAcc" time="0.241"/>
  <testcase classname="com.passport.testcase.OpenAccountTest" name="openAcc" time="0.124"/>
  <testcase classname="com.passport.testcase.OpenAccountTest" name="openAcc" time="0.131"/>
  <testcase classname="com.passport.testcase.OpenAccountTest" name="openAcc" time="0.123"/>
  <testcase classname="com.passport.testcase.OpenAccountTest" name="openAcc" time="0.123"/>
  <testcase classname="com.passport.testcase.OpenAccountTest" name="openAcc" time="0.127"/>
  <testcase classname="com.passport.testcase.OpenAccountTest" name="openAcc" time="0.132"/>
  <testcase classname="com.passport.testcase.OpenAccountTest" name="openAcc" time="0.132"/>
  <testcase classname="com.passport.testcase.OpenAccountTest" name="openAcc" time="0.127"/>
  <testcase classname="com.passport.Base.TestBase" name="@BeforeSuite setUp" time="0.0">
    <ignored/>
  </testcase> <!-- @BeforeSuite setUp -->
  <testcase classname="com.passport.Base.TestBase" name="@AfterSuite tearDown" time="0.0">
    <ignored/>
  </testcase> <!-- @AfterSuite tearDown -->
</testsuite> <!-- Test_2 -->
