<?xml version="1.0" encoding="UTF-8"?>
<!-- Generated by org.testng.reporters.JUnitXMLReporter -->
<testsuite ignored="2" hostname="VinothKumarG" failures="0" tests="61" name="Test_3" time="7.488" errors="0" timestamp="2023-09-21T23:43:52 IST">
  <testcase classname="com.passport.testcase.VerifyCustomer" name="searchCustomer" time="0.202"/>
  <testcase classname="com.passport.testcase.VerifyCustomer" name="searchCustomer" time="0.123"/>
  <testcase classname="com.passport.testcase.VerifyCustomer" name="searchCustomer" time="0.102"/>
  <testcase classname="com.passport.testcase.VerifyCustomer" name="searchCustomer" time="0.113"/>
  <testcase classname="com.passport.testcase.VerifyCustomer" name="searchCustomer" time="0.117"/>
  <testcase classname="com.passport.testcase.VerifyCustomer" name="searchCustomer" time="0.1"/>
  <testcase classname="com.passport.testcase.VerifyCustomer" name="searchCustomer" time="0.116"/>
  <testcase classname="com.passport.testcase.VerifyCustomer" name="searchCustomer" time="0.117"/>
  <testcase classname="com.passport.testcase.VerifyCustomer" name="searchCustomer" time="0.106"/>
  <testcase classname="com.passport.testcase.VerifyCustomer" name="clickHome" time="0.032"/>
  <testcase classname="com.passport.testcase.VerifyDepositFunc" name="verifyDepositMoney" time="0.419"/>
  <testcase classname="com.passport.testcase.VerifyDepositFunc" name="verifyAccountBalance" time="0.099"/>
  <testcase classname="com.passport.testcase.VerifyDepositFunc" name="verifyAccountBalance" time="0.091"/>
  <testcase classname="com.passport.testcase.VerifyDepositFunc" name="verifyAccountBalance" time="0.083"/>
  <testcase classname="com.passport.testcase.VerifyDepositFunc" name="verifyAccountBalance" time="0.082"/>
  <testcase classname="com.passport.testcase.VerifyDepositFunc" name="verifyAccountBalance" time="0.084"/>
  <testcase classname="com.passport.testcase.VerifyDepositFunc" name="verifyAccountBalance" time="0.083"/>
  <testcase classname="com.passport.testcase.VerifyDepositFunc" name="verifyAccountBalance" time="0.083"/>
  <testcase classname="com.passport.testcase.VerifyDepositFunc" name="verifyAccountBalance" time="0.08"/>
  <testcase classname="com.passport.testcase.VerifyDepositFunc" name="verifyAccountBalance" time="0.084"/>
  <testcase classname="com.passport.testcase.VerifyDepositFunc" name="verifyAccountBalance" time="0.088"/>
  <testcase classname="com.passport.testcase.VerifyDepositFunc" name="verifyAccountBalance" time="0.128"/>
  <testcase classname="com.passport.testcase.VerifyDepositFunc" name="verifyAccountBalance" time="0.12"/>
  <testcase classname="com.passport.testcase.VerifyDepositFunc" name="verifyAccountBalance" time="0.111"/>
  <testcase classname="com.passport.testcase.VerifyDepositFunc" name="verifyAccountBalance" time="0.119"/>
  <testcase classname="com.passport.testcase.VerifyDepositFunc" name="verifyAccountBalance" time="0.123"/>
  <testcase classname="com.passport.testcase.VerifyDepositFunc" name="verifyAccountBalance" time="0.117"/>
  <testcase classname="com.passport.testcase.VerifyDepositFunc" name="verifyAccountBalance" time="0.131"/>
  <testcase classname="com.passport.testcase.VerifyDepositFunc" name="verifyAccountBalance" time="0.119"/>
  <testcase classname="com.passport.testcase.VerifyDepositFunc" name="verifyAccountBalance" time="0.12"/>
  <testcase classname="com.passport.testcase.VerifyDepositFunc" name="verifyAccountBalance" time="0.13"/>
  <testcase classname="com.passport.testcase.VerifyDepositFunc" name="verifyAccountBalance" time="0.132"/>
  <testcase classname="com.passport.testcase.VerifyDepositFunc" name="verifyAccountBalance" time="0.117"/>
  <testcase classname="com.passport.testcase.VerifyDepositFunc" name="verifyAccountBalance" time="0.112"/>
  <testcase classname="com.passport.testcase.VerifyDepositFunc" name="verifyAccountBalance" time="0.118"/>
  <testcase classname="com.passport.testcase.VerifyDepositFunc" name="verifyAccountBalance" time="0.113"/>
  <testcase classname="com.passport.testcase.VerifyDepositFunc" name="verifyAccountBalance" time="0.103"/>
  <testcase classname="com.passport.testcase.VerifyDepositFunc" name="verifyAccountBalance" time="0.124"/>
  <testcase classname="com.passport.testcase.VerifyDepositFunc" name="verifyAccountBalance" time="0.089"/>
  <testcase classname="com.passport.testcase.VerifyDepositFunc" name="verifyAccountBalance" time="0.079"/>
  <testcase classname="com.passport.testcase.VerifyDepositFunc" name="verifyAccountBalance" time="0.175"/>
  <testcase classname="com.passport.testcase.VerifyDepositFunc" name="verifyAccountBalance" time="0.2"/>
  <testcase classname="com.passport.testcase.VerifyDepositFunc" name="verifyAccountBalance" time="0.144"/>
  <testcase classname="com.passport.testcase.VerifyDepositFunc" name="verifyAccountBalance" time="0.126"/>
  <testcase classname="com.passport.testcase.VerifyDepositFunc" name="verifyAccountBalance" time="0.122"/>
  <testcase classname="com.passport.testcase.VerifyDepositFunc" name="verifyAccountBalance" time="0.12"/>
  <testcase classname="com.passport.testcase.VerifyDepositFunc" name="verifyAccountBalance" time="0.158"/>
  <testcase classname="com.passport.testcase.VerifyDepositFunc" name="verifyAccountBalance" time="0.135"/>
  <testcase classname="com.passport.testcase.VerifyDepositFunc" name="verifyAccountBalance" time="0.096"/>
  <testcase classname="com.passport.testcase.VerifyDepositFunc" name="verifyAccountBalance" time="0.12"/>
  <testcase classname="com.passport.testcase.VerifyDepositFunc" name="verifyAccountBalance" time="0.14"/>
  <testcase classname="com.passport.testcase.VerifyDepositFunc" name="verifyAccountBalance" time="0.119"/>
  <testcase classname="com.passport.testcase.VerifyDepositFunc" name="verifyAccountBalance" time="0.108"/>
  <testcase classname="com.passport.testcase.VerifyDepositFunc" name="verifyAccountBalance" time="0.125"/>
  <testcase classname="com.passport.testcase.VerifyDepositFunc" name="verifyAccountBalance" time="0.087"/>
  <testcase classname="com.passport.testcase.VerifyDepositFunc" name="verifyAccountBalance" time="0.106"/>
  <testcase classname="com.passport.testcase.VerifyDepositFunc" name="verifyAccountBalance" time="0.182"/>
  <testcase classname="com.passport.testcase.VerifyDepositFunc" name="verifyAccountBalance" time="0.148"/>
  <testcase classname="com.passport.testcase.VerifyDepositFunc" name="verifyAccountBalance" time="0.116"/>
  <testcase classname="com.passport.testcase.VerifyDepositFunc" name="verifyAccountBalance" time="0.117"/>
  <testcase classname="com.passport.testcase.VerifyDepositFunc" name="verifyAccountBalance" time="0.14"/>
  <testcase classname="com.passport.Base.TestBase" name="@AfterSuite tearDown" time="0.0">
    <ignored/>
  </testcase> <!-- @AfterSuite tearDown -->
  <testcase classname="com.passport.Base.TestBase" name="@BeforeSuite setUp" time="0.0">
    <ignored/>
  </testcase> <!-- @BeforeSuite setUp -->
</testsuite> <!-- Test_3 -->
