<?xml version="1.0" encoding="UTF-8"?>
<!-- Generated by org.testng.reporters.JUnitXMLReporter -->
<testsuite ignored="2" hostname="VinothKumarG" failures="0" tests="19" name="Test_2" time="9.84" errors="0" timestamp="2023-09-20T22:56:57 IST">
  <testcase classname="com.passport.testcase.AddCustomerTest" name="addCustomer" time="0.202"/>
  <testcase classname="com.passport.testcase.AddCustomerTest" name="addCustomer" time="0.297"/>
  <testcase classname="com.passport.testcase.AddCustomerTest" name="addCustomer" time="0.315"/>
  <testcase classname="com.passport.testcase.AddCustomerTest" name="addCustomer" time="0.347"/>
  <testcase classname="com.passport.testcase.AddCustomerTest" name="addCustomer" time="0.332"/>
  <testcase classname="com.passport.testcase.AddCustomerTest" name="addCustomer" time="0.315"/>
  <testcase classname="com.passport.testcase.AddCustomerTest" name="addCustomer" time="0.315"/>
  <testcase classname="com.passport.testcase.AddCustomerTest" name="addCustomer" time="0.315"/>
  <testcase classname="com.passport.testcase.AddCustomerTest" name="addCustomer" time="0.315"/>
  <testcase classname="com.passport.testcase.AddCustomerTest" name="demoTEst" time="0.001"/>
  <testcase classname="com.passport.testcase.OpenAccountTest" name="openAcc" time="0.64"/>
  <testcase classname="com.passport.testcase.OpenAccountTest" name="openAcc" time="0.732"/>
  <testcase classname="com.passport.testcase.OpenAccountTest" name="openAcc" time="0.766"/>
  <testcase classname="com.passport.testcase.OpenAccountTest" name="openAcc" time="0.732"/>
  <testcase classname="com.passport.testcase.OpenAccountTest" name="openAcc" time="0.716"/>
  <testcase classname="com.passport.testcase.OpenAccountTest" name="openAcc" time="0.75"/>
  <testcase classname="com.passport.testcase.OpenAccountTest" name="openAcc" time="0.731"/>
  <testcase classname="com.passport.testcase.OpenAccountTest" name="openAcc" time="0.748"/>
  <testcase classname="com.passport.testcase.OpenAccountTest" name="openAcc" time="0.749"/>
  <testcase classname="com.passport.Base.TestBase" name="@BeforeSuite setUp" time="0.0">
    <ignored/>
  </testcase> <!-- @BeforeSuite setUp -->
  <testcase classname="com.passport.Base.TestBase" name="@AfterSuite tearDown" time="0.0">
    <ignored/>
  </testcase> <!-- @AfterSuite tearDown -->
</testsuite> <!-- Test_2 -->
