<?xml version="1.0" encoding="UTF-8"?>
<!-- Generated by org.testng.reporters.JUnitXMLReporter -->
<testsuite ignored="0" hostname="VinothKumarG" failures="0" tests="9" name="Test_3" time="2.617" errors="0" timestamp="2023-09-20T22:57:00 IST">
  <testcase classname="com.passport.testcase.VerifyCustomer" name="searchCustomer" time="0.222"/>
  <testcase classname="com.passport.testcase.VerifyCustomer" name="searchCustomer" time="0.331"/>
  <testcase classname="com.passport.testcase.VerifyCustomer" name="searchCustomer" time="0.271"/>
  <testcase classname="com.passport.testcase.VerifyCustomer" name="searchCustomer" time="0.286"/>
  <testcase classname="com.passport.testcase.VerifyCustomer" name="searchCustomer" time="0.278"/>
  <testcase classname="com.passport.testcase.VerifyCustomer" name="searchCustomer" time="0.291"/>
  <testcase classname="com.passport.testcase.VerifyCustomer" name="searchCustomer" time="0.277"/>
  <testcase classname="com.passport.testcase.VerifyCustomer" name="searchCustomer" time="0.291"/>
  <testcase classname="com.passport.testcase.VerifyCustomer" name="searchCustomer" time="0.281"/>
</testsuite> <!-- Test_3 -->
