<?xml version="1.0" encoding="UTF-8"?>
<!-- Generated by org.testng.reporters.JUnitXMLReporter -->
<testsuite ignored="2" hostname="VinothKumarG" failures="1" tests="11" name="Test_2" time="6.99" errors="0" timestamp="2023-09-20T22:57:07 IST">
  <testcase classname="com.passport.testcase.AddCustomerTest" name="addCustomer" time="0.214">
    <failure type="org.openqa.selenium.UnhandledAlertException" message="Dismissed user prompt dialog: Please check the details. Customer may be duplicate.: 
Build info: version: &amp;apos;3.141.59&amp;apos;, revision: &amp;apos;e82be7d358&amp;apos;, time: &amp;apos;2018-11-14T08:17:03&amp;apos;
System info: host: &amp;apos;VINOTHKUMARG&amp;apos;, ip: &amp;apos;192.168.1.5&amp;apos;, os.name: &amp;apos;Windows 11&amp;apos;, os.arch: &amp;apos;amd64&amp;apos;, os.version: &amp;apos;10.0&amp;apos;, java.version: &amp;apos;17.0.8&amp;apos;
Driver info: org.openqa.selenium.firefox.FirefoxDriver
Capabilities {acceptInsecureCerts: true, browserName: firefox, browserVersion: 117.0.1, javascriptEnabled: true, moz:accessibilityChecks: false, moz:buildID: 20230912013654, moz:geckodriverVersion: 0.33.0, moz:headless: false, moz:platformVersion: 10.0, moz:processID: 7984, moz:profile: C:\Users\vinot\AppData\Loca..., moz:shutdownTimeout: 60000, moz:webdriverClick: true, moz:windowless: false, pageLoadStrategy: normal, platform: WINDOWS, platformName: WINDOWS, proxy: Proxy(), setWindowRect: true, strictFileInteractability: false, timeouts: {implicit: 0, pageLoad: 300000, script: 30000}, unhandledPromptBehavior: dismiss and notify}
Session ID: db8a91bb-408c-4ac0-8a1b-630540810c80">
      <![CDATA[org.openqa.selenium.UnhandledAlertException: Dismissed user prompt dialog: Please check the details. Customer may be duplicate.: 
Build info: version: '3.141.59', revision: 'e82be7d358', time: '2018-11-14T08:17:03'
System info: host: 'VINOTHKUMARG', ip: '192.168.1.5', os.name: 'Windows 11', os.arch: 'amd64', os.version: '10.0', java.version: '17.0.8'
Driver info: org.openqa.selenium.firefox.FirefoxDriver
Capabilities {acceptInsecureCerts: true, browserName: firefox, browserVersion: 117.0.1, javascriptEnabled: true, moz:accessibilityChecks: false, moz:buildID: 20230912013654, moz:geckodriverVersion: 0.33.0, moz:headless: false, moz:platformVersion: 10.0, moz:processID: 7984, moz:profile: C:\Users\vinot\AppData\Loca..., moz:shutdownTimeout: 60000, moz:webdriverClick: true, moz:windowless: false, pageLoadStrategy: normal, platform: WINDOWS, platformName: WINDOWS, proxy: Proxy(), setWindowRect: true, strictFileInteractability: false, timeouts: {implicit: 0, pageLoad: 300000, script: 30000}, unhandledPromptBehavior: dismiss and notify}
Session ID: db8a91bb-408c-4ac0-8a1b-630540810c80
at org.openqa.selenium.remote.http.W3CHttpResponseCodec.decode(W3CHttpResponseCodec.java:120)
at org.openqa.selenium.remote.http.W3CHttpResponseCodec.decode(W3CHttpResponseCodec.java:49)
at org.openqa.selenium.remote.HttpCommandExecutor.execute(HttpCommandExecutor.java:158)
at org.openqa.selenium.remote.service.DriverCommandExecutor.execute(DriverCommandExecutor.java:83)
at org.openqa.selenium.remote.RemoteWebDriver.execute(RemoteWebDriver.java:552)
at org.openqa.selenium.remote.RemoteWebDriver.execute(RemoteWebDriver.java:609)
at org.openqa.selenium.remote.RemoteWebDriver.getScreenshotAs(RemoteWebDriver.java:295)
at com.passport.utilities.Utillities.captureScreenshot(Utillities.java:60)
at com.passport.listeners.CustomListner.onTestFailure(CustomListner.java:40)
at java.base/java.util.ArrayList.forEach(ArrayList.java:1511)
... Removed 25 stack frames]]>
    </failure>
  </testcase> <!-- addCustomer -->
  <testcase classname="com.passport.testcase.AddCustomerTest" name="demoTEst" time="0.01"/>
  <testcase classname="com.passport.testcase.OpenAccountTest" name="openAcc" time="0.56"/>
  <testcase classname="com.passport.testcase.OpenAccountTest" name="openAcc" time="0.763"/>
  <testcase classname="com.passport.testcase.OpenAccountTest" name="openAcc" time="0.767"/>
  <testcase classname="com.passport.testcase.OpenAccountTest" name="openAcc" time="0.746"/>
  <testcase classname="com.passport.testcase.OpenAccountTest" name="openAcc" time="0.764"/>
  <testcase classname="com.passport.testcase.OpenAccountTest" name="openAcc" time="0.747"/>
  <testcase classname="com.passport.testcase.OpenAccountTest" name="openAcc" time="0.751"/>
  <testcase classname="com.passport.testcase.OpenAccountTest" name="openAcc" time="0.747"/>
  <testcase classname="com.passport.testcase.OpenAccountTest" name="openAcc" time="0.798"/>
  <testcase classname="com.passport.Base.TestBase" name="@BeforeSuite setUp" time="0.0">
    <ignored/>
  </testcase> <!-- @BeforeSuite setUp -->
  <testcase classname="com.passport.Base.TestBase" name="@AfterSuite tearDown" time="0.0">
    <ignored/>
  </testcase> <!-- @AfterSuite tearDown -->
</testsuite> <!-- Test_2 -->
