<?xml version="1.0" encoding="UTF-8"?>
<testng-results ignored="0" total="21" passed="21" failed="0" skipped="0">
  <reporter-output>
    <line>
      <![CDATA[LOGINASBANKMANAGER  Passed]]>
    </line>
    <line>
      <![CDATA[Clicked Customer add button]]>
    </line>
    <line>
      <![CDATA[Entered Customer first name]]>
    </line>
    <line>
      <![CDATA[Entered Customer Last name]]>
    </line>
    <line>
      <![CDATA[Entered Customer Postal code]]>
    </line>
    <line>
      <![CDATA[Clicked add Customer Submit button]]>
    </line>
    <line>
      <![CDATA[Customer created successfully]]>
    </line>
    <line>
      <![CDATA[ADDCUSTOMER  Passed]]>
    </line>
    <line>
      <![CDATA[Clicked Customer add button]]>
    </line>
    <line>
      <![CDATA[Entered Customer first name]]>
    </line>
    <line>
      <![CDATA[Entered Customer Last name]]>
    </line>
    <line>
      <![CDATA[Entered Customer Postal code]]>
    </line>
    <line>
      <![CDATA[Clicked add Customer Submit button]]>
    </line>
    <line>
      <![CDATA[Customer created successfully]]>
    </line>
    <line>
      <![CDATA[ADDCUSTOMER  Passed]]>
    </line>
    <line>
      <![CDATA[Clicked Customer add button]]>
    </line>
    <line>
      <![CDATA[Entered Customer first name]]>
    </line>
    <line>
      <![CDATA[Entered Customer Last name]]>
    </line>
    <line>
      <![CDATA[Entered Customer Postal code]]>
    </line>
    <line>
      <![CDATA[Clicked add Customer Submit button]]>
    </line>
    <line>
      <![CDATA[Customer created successfully]]>
    </line>
    <line>
      <![CDATA[ADDCUSTOMER  Passed]]>
    </line>
    <line>
      <![CDATA[Clicked Customer add button]]>
    </line>
    <line>
      <![CDATA[Entered Customer first name]]>
    </line>
    <line>
      <![CDATA[Entered Customer Last name]]>
    </line>
    <line>
      <![CDATA[Entered Customer Postal code]]>
    </line>
    <line>
      <![CDATA[Clicked add Customer Submit button]]>
    </line>
    <line>
      <![CDATA[Customer created successfully]]>
    </line>
    <line>
      <![CDATA[ADDCUSTOMER  Passed]]>
    </line>
    <line>
      <![CDATA[Clicked Customer add button]]>
    </line>
    <line>
      <![CDATA[Entered Customer first name]]>
    </line>
    <line>
      <![CDATA[Entered Customer Last name]]>
    </line>
    <line>
      <![CDATA[Entered Customer Postal code]]>
    </line>
    <line>
      <![CDATA[Clicked add Customer Submit button]]>
    </line>
    <line>
      <![CDATA[Customer created successfully]]>
    </line>
    <line>
      <![CDATA[ADDCUSTOMER  Passed]]>
    </line>
    <line>
      <![CDATA[Clicked Customer add button]]>
    </line>
    <line>
      <![CDATA[Entered Customer first name]]>
    </line>
    <line>
      <![CDATA[Entered Customer Last name]]>
    </line>
    <line>
      <![CDATA[Entered Customer Postal code]]>
    </line>
    <line>
      <![CDATA[Clicked add Customer Submit button]]>
    </line>
    <line>
      <![CDATA[Customer created successfully]]>
    </line>
    <line>
      <![CDATA[ADDCUSTOMER  Passed]]>
    </line>
    <line>
      <![CDATA[Clicked Customer add button]]>
    </line>
    <line>
      <![CDATA[Entered Customer first name]]>
    </line>
    <line>
      <![CDATA[Entered Customer Last name]]>
    </line>
    <line>
      <![CDATA[Entered Customer Postal code]]>
    </line>
    <line>
      <![CDATA[Clicked add Customer Submit button]]>
    </line>
    <line>
      <![CDATA[Customer created successfully]]>
    </line>
    <line>
      <![CDATA[ADDCUSTOMER  Passed]]>
    </line>
    <line>
      <![CDATA[Clicked Customer add button]]>
    </line>
    <line>
      <![CDATA[Entered Customer first name]]>
    </line>
    <line>
      <![CDATA[Entered Customer Last name]]>
    </line>
    <line>
      <![CDATA[Entered Customer Postal code]]>
    </line>
    <line>
      <![CDATA[Clicked add Customer Submit button]]>
    </line>
    <line>
      <![CDATA[Customer created successfully]]>
    </line>
    <line>
      <![CDATA[ADDCUSTOMER  Passed]]>
    </line>
    <line>
      <![CDATA[Clicked Customer add button]]>
    </line>
    <line>
      <![CDATA[Entered Customer first name]]>
    </line>
    <line>
      <![CDATA[Entered Customer Last name]]>
    </line>
    <line>
      <![CDATA[Entered Customer Postal code]]>
    </line>
    <line>
      <![CDATA[Clicked add Customer Submit button]]>
    </line>
    <line>
      <![CDATA[Customer created successfully]]>
    </line>
    <line>
      <![CDATA[ADDCUSTOMER  Passed]]>
    </line>
    <line>
      <![CDATA[DEMOTEST  Passed]]>
    </line>
    <line>
      <![CDATA[Account created successfully]]>
    </line>
    <line>
      <![CDATA[OPENACC  Passed]]>
    </line>
    <line>
      <![CDATA[Account created successfully]]>
    </line>
    <line>
      <![CDATA[OPENACC  Passed]]>
    </line>
    <line>
      <![CDATA[Account created successfully]]>
    </line>
    <line>
      <![CDATA[OPENACC  Passed]]>
    </line>
    <line>
      <![CDATA[Account created successfully]]>
    </line>
    <line>
      <![CDATA[OPENACC  Passed]]>
    </line>
    <line>
      <![CDATA[Account created successfully]]>
    </line>
    <line>
      <![CDATA[OPENACC  Passed]]>
    </line>
    <line>
      <![CDATA[Account created successfully]]>
    </line>
    <line>
      <![CDATA[OPENACC  Passed]]>
    </line>
    <line>
      <![CDATA[Account created successfully]]>
    </line>
    <line>
      <![CDATA[OPENACC  Passed]]>
    </line>
    <line>
      <![CDATA[Account created successfully]]>
    </line>
    <line>
      <![CDATA[OPENACC  Passed]]>
    </line>
    <line>
      <![CDATA[Account created successfully]]>
    </line>
    <line>
      <![CDATA[OPENACC  Passed]]>
    </line>
    <line>
      <![CDATA[SEARCHCUSTOMER  Passed]]>
    </line>
  </reporter-output>
  <suite started-at="2023-09-20T22:24:48 IST" name="Data Driver Basics" finished-at="2023-09-20T22:24:52 IST" duration-ms="3974">
    <groups>
    </groups>
    <test started-at="2023-09-20T22:24:48 IST" name="Test_1" finished-at="2023-09-20T22:24:48 IST" duration-ms="122">
      <class name="com.passport.testcase.LoginTest">
        <test-method signature="loginAsBankManager()[pri:0, instance:com.passport.testcase.LoginTest@6bb2d00b]" started-at="2023-09-20T22:24:48 IST" name="loginAsBankManager" finished-at="2023-09-20T22:24:48 IST" duration-ms="98" status="PASS">
          <reporter-output>
            <line>
              <![CDATA[LOGINASBANKMANAGER  Passed]]>
            </line>
          </reporter-output>
        </test-method> <!-- loginAsBankManager -->
      </class> <!-- com.passport.testcase.LoginTest -->
    </test> <!-- Test_1 -->
    <test started-at="2023-09-20T22:24:48 IST" name="Test_2" finished-at="2023-09-20T22:24:52 IST" duration-ms="3664">
      <class name="com.passport.testcase.AddCustomerTest">
        <test-method signature="addCustomer(java.lang.String,java.lang.String,java.lang.String)[pri:0, instance:com.passport.testcase.AddCustomerTest@424fd310]" started-at="2023-09-20T22:24:49 IST" name="addCustomer" data-provider="getData" finished-at="2023-09-20T22:24:49 IST" duration-ms="357" status="PASS">
          <params>
            <param index="0">
              <value>
                <![CDATA[Vinothkumar]]>
              </value>
            </param>
            <param index="1">
              <value>
                <![CDATA[Gnanasekaran]]>
              </value>
            </param>
            <param index="2">
              <value>
                <![CDATA[P612604]]>
              </value>
            </param>
          </params>
          <reporter-output>
            <line>
              <![CDATA[Clicked Customer add button]]>
            </line>
            <line>
              <![CDATA[Entered Customer first name]]>
            </line>
            <line>
              <![CDATA[Entered Customer Last name]]>
            </line>
            <line>
              <![CDATA[Entered Customer Postal code]]>
            </line>
            <line>
              <![CDATA[Clicked add Customer Submit button]]>
            </line>
            <line>
              <![CDATA[Customer created successfully]]>
            </line>
            <line>
              <![CDATA[ADDCUSTOMER  Passed]]>
            </line>
          </reporter-output>
        </test-method> <!-- addCustomer -->
        <test-method signature="addCustomer(java.lang.String,java.lang.String,java.lang.String)[pri:0, instance:com.passport.testcase.AddCustomerTest@424fd310]" started-at="2023-09-20T22:24:49 IST" name="addCustomer" data-provider="getData" finished-at="2023-09-20T22:24:49 IST" duration-ms="239" status="PASS">
          <params>
            <param index="0">
              <value>
                <![CDATA[Suba]]>
              </value>
            </param>
            <param index="1">
              <value>
                <![CDATA[Ganeshan]]>
              </value>
            </param>
            <param index="2">
              <value>
                <![CDATA[612203]]>
              </value>
            </param>
          </params>
          <reporter-output>
            <line>
              <![CDATA[Clicked Customer add button]]>
            </line>
            <line>
              <![CDATA[Entered Customer first name]]>
            </line>
            <line>
              <![CDATA[Entered Customer Last name]]>
            </line>
            <line>
              <![CDATA[Entered Customer Postal code]]>
            </line>
            <line>
              <![CDATA[Clicked add Customer Submit button]]>
            </line>
            <line>
              <![CDATA[Customer created successfully]]>
            </line>
            <line>
              <![CDATA[ADDCUSTOMER  Passed]]>
            </line>
          </reporter-output>
        </test-method> <!-- addCustomer -->
        <test-method signature="addCustomer(java.lang.String,java.lang.String,java.lang.String)[pri:0, instance:com.passport.testcase.AddCustomerTest@424fd310]" started-at="2023-09-20T22:24:49 IST" name="addCustomer" data-provider="getData" finished-at="2023-09-20T22:24:49 IST" duration-ms="203" status="PASS">
          <params>
            <param index="0">
              <value>
                <![CDATA[Sasi]]>
              </value>
            </param>
            <param index="1">
              <value>
                <![CDATA[Ganeshan]]>
              </value>
            </param>
            <param index="2">
              <value>
                <![CDATA[612203]]>
              </value>
            </param>
          </params>
          <reporter-output>
            <line>
              <![CDATA[Clicked Customer add button]]>
            </line>
            <line>
              <![CDATA[Entered Customer first name]]>
            </line>
            <line>
              <![CDATA[Entered Customer Last name]]>
            </line>
            <line>
              <![CDATA[Entered Customer Postal code]]>
            </line>
            <line>
              <![CDATA[Clicked add Customer Submit button]]>
            </line>
            <line>
              <![CDATA[Customer created successfully]]>
            </line>
            <line>
              <![CDATA[ADDCUSTOMER  Passed]]>
            </line>
          </reporter-output>
        </test-method> <!-- addCustomer -->
        <test-method signature="addCustomer(java.lang.String,java.lang.String,java.lang.String)[pri:0, instance:com.passport.testcase.AddCustomerTest@424fd310]" started-at="2023-09-20T22:24:49 IST" name="addCustomer" data-provider="getData" finished-at="2023-09-20T22:24:50 IST" duration-ms="196" status="PASS">
          <params>
            <param index="0">
              <value>
                <![CDATA[Sathish]]>
              </value>
            </param>
            <param index="1">
              <value>
                <![CDATA[Gunasekaran]]>
              </value>
            </param>
            <param index="2">
              <value>
                <![CDATA[612604]]>
              </value>
            </param>
          </params>
          <reporter-output>
            <line>
              <![CDATA[Clicked Customer add button]]>
            </line>
            <line>
              <![CDATA[Entered Customer first name]]>
            </line>
            <line>
              <![CDATA[Entered Customer Last name]]>
            </line>
            <line>
              <![CDATA[Entered Customer Postal code]]>
            </line>
            <line>
              <![CDATA[Clicked add Customer Submit button]]>
            </line>
            <line>
              <![CDATA[Customer created successfully]]>
            </line>
            <line>
              <![CDATA[ADDCUSTOMER  Passed]]>
            </line>
          </reporter-output>
        </test-method> <!-- addCustomer -->
        <test-method signature="addCustomer(java.lang.String,java.lang.String,java.lang.String)[pri:0, instance:com.passport.testcase.AddCustomerTest@424fd310]" started-at="2023-09-20T22:24:50 IST" name="addCustomer" data-provider="getData" finished-at="2023-09-20T22:24:50 IST" duration-ms="204" status="PASS">
          <params>
            <param index="0">
              <value>
                <![CDATA[Rajesh]]>
              </value>
            </param>
            <param index="1">
              <value>
                <![CDATA[Gunasekaran]]>
              </value>
            </param>
            <param index="2">
              <value>
                <![CDATA[612604]]>
              </value>
            </param>
          </params>
          <reporter-output>
            <line>
              <![CDATA[Clicked Customer add button]]>
            </line>
            <line>
              <![CDATA[Entered Customer first name]]>
            </line>
            <line>
              <![CDATA[Entered Customer Last name]]>
            </line>
            <line>
              <![CDATA[Entered Customer Postal code]]>
            </line>
            <line>
              <![CDATA[Clicked add Customer Submit button]]>
            </line>
            <line>
              <![CDATA[Customer created successfully]]>
            </line>
            <line>
              <![CDATA[ADDCUSTOMER  Passed]]>
            </line>
          </reporter-output>
        </test-method> <!-- addCustomer -->
        <test-method signature="addCustomer(java.lang.String,java.lang.String,java.lang.String)[pri:0, instance:com.passport.testcase.AddCustomerTest@424fd310]" started-at="2023-09-20T22:24:50 IST" name="addCustomer" data-provider="getData" finished-at="2023-09-20T22:24:50 IST" duration-ms="205" status="PASS">
          <params>
            <param index="0">
              <value>
                <![CDATA[Suresh]]>
              </value>
            </param>
            <param index="1">
              <value>
                <![CDATA[Sugumaran]]>
              </value>
            </param>
            <param index="2">
              <value>
                <![CDATA[612604]]>
              </value>
            </param>
          </params>
          <reporter-output>
            <line>
              <![CDATA[Clicked Customer add button]]>
            </line>
            <line>
              <![CDATA[Entered Customer first name]]>
            </line>
            <line>
              <![CDATA[Entered Customer Last name]]>
            </line>
            <line>
              <![CDATA[Entered Customer Postal code]]>
            </line>
            <line>
              <![CDATA[Clicked add Customer Submit button]]>
            </line>
            <line>
              <![CDATA[Customer created successfully]]>
            </line>
            <line>
              <![CDATA[ADDCUSTOMER  Passed]]>
            </line>
          </reporter-output>
        </test-method> <!-- addCustomer -->
        <test-method signature="addCustomer(java.lang.String,java.lang.String,java.lang.String)[pri:0, instance:com.passport.testcase.AddCustomerTest@424fd310]" started-at="2023-09-20T22:24:50 IST" name="addCustomer" data-provider="getData" finished-at="2023-09-20T22:24:50 IST" duration-ms="188" status="PASS">
          <params>
            <param index="0">
              <value>
                <![CDATA[kathiresan]]>
              </value>
            </param>
            <param index="1">
              <value>
                <![CDATA[Dhavamanu]]>
              </value>
            </param>
            <param index="2">
              <value>
                <![CDATA[612605]]>
              </value>
            </param>
          </params>
          <reporter-output>
            <line>
              <![CDATA[Clicked Customer add button]]>
            </line>
            <line>
              <![CDATA[Entered Customer first name]]>
            </line>
            <line>
              <![CDATA[Entered Customer Last name]]>
            </line>
            <line>
              <![CDATA[Entered Customer Postal code]]>
            </line>
            <line>
              <![CDATA[Clicked add Customer Submit button]]>
            </line>
            <line>
              <![CDATA[Customer created successfully]]>
            </line>
            <line>
              <![CDATA[ADDCUSTOMER  Passed]]>
            </line>
          </reporter-output>
        </test-method> <!-- addCustomer -->
        <test-method signature="addCustomer(java.lang.String,java.lang.String,java.lang.String)[pri:0, instance:com.passport.testcase.AddCustomerTest@424fd310]" started-at="2023-09-20T22:24:50 IST" name="addCustomer" data-provider="getData" finished-at="2023-09-20T22:24:50 IST" duration-ms="200" status="PASS">
          <params>
            <param index="0">
              <value>
                <![CDATA[Sakthivel]]>
              </value>
            </param>
            <param index="1">
              <value>
                <![CDATA[Sundreasan]]>
              </value>
            </param>
            <param index="2">
              <value>
                <![CDATA[612606]]>
              </value>
            </param>
          </params>
          <reporter-output>
            <line>
              <![CDATA[Clicked Customer add button]]>
            </line>
            <line>
              <![CDATA[Entered Customer first name]]>
            </line>
            <line>
              <![CDATA[Entered Customer Last name]]>
            </line>
            <line>
              <![CDATA[Entered Customer Postal code]]>
            </line>
            <line>
              <![CDATA[Clicked add Customer Submit button]]>
            </line>
            <line>
              <![CDATA[Customer created successfully]]>
            </line>
            <line>
              <![CDATA[ADDCUSTOMER  Passed]]>
            </line>
          </reporter-output>
        </test-method> <!-- addCustomer -->
        <test-method signature="addCustomer(java.lang.String,java.lang.String,java.lang.String)[pri:0, instance:com.passport.testcase.AddCustomerTest@424fd310]" started-at="2023-09-20T22:24:50 IST" name="addCustomer" data-provider="getData" finished-at="2023-09-20T22:24:51 IST" duration-ms="172" status="PASS">
          <params>
            <param index="0">
              <value>
                <![CDATA[Babu]]>
              </value>
            </param>
            <param index="1">
              <value>
                <![CDATA[Asubathi]]>
              </value>
            </param>
            <param index="2">
              <value>
                <![CDATA[612600]]>
              </value>
            </param>
          </params>
          <reporter-output>
            <line>
              <![CDATA[Clicked Customer add button]]>
            </line>
            <line>
              <![CDATA[Entered Customer first name]]>
            </line>
            <line>
              <![CDATA[Entered Customer Last name]]>
            </line>
            <line>
              <![CDATA[Entered Customer Postal code]]>
            </line>
            <line>
              <![CDATA[Clicked add Customer Submit button]]>
            </line>
            <line>
              <![CDATA[Customer created successfully]]>
            </line>
            <line>
              <![CDATA[ADDCUSTOMER  Passed]]>
            </line>
          </reporter-output>
        </test-method> <!-- addCustomer -->
        <test-method signature="demoTEst()[pri:0, instance:com.passport.testcase.AddCustomerTest@424fd310]" started-at="2023-09-20T22:24:51 IST" name="demoTEst" finished-at="2023-09-20T22:24:51 IST" duration-ms="0" status="PASS">
          <reporter-output>
            <line>
              <![CDATA[DEMOTEST  Passed]]>
            </line>
          </reporter-output>
        </test-method> <!-- demoTEst -->
      </class> <!-- com.passport.testcase.AddCustomerTest -->
      <class name="com.passport.testcase.OpenAccountTest">
        <test-method signature="openAcc(java.lang.String,java.lang.String)[pri:0, instance:com.passport.testcase.OpenAccountTest@1a45193b]" started-at="2023-09-20T22:24:51 IST" name="openAcc" data-provider="getData" finished-at="2023-09-20T22:24:51 IST" duration-ms="216" status="PASS">
          <params>
            <param index="0">
              <value>
                <![CDATA[Vinothkumar Gnanasekaran]]>
              </value>
            </param>
            <param index="1">
              <value>
                <![CDATA[Rupee]]>
              </value>
            </param>
          </params>
          <reporter-output>
            <line>
              <![CDATA[Account created successfully]]>
            </line>
            <line>
              <![CDATA[OPENACC  Passed]]>
            </line>
          </reporter-output>
        </test-method> <!-- openAcc -->
        <test-method signature="openAcc(java.lang.String,java.lang.String)[pri:0, instance:com.passport.testcase.OpenAccountTest@1a45193b]" started-at="2023-09-20T22:24:51 IST" name="openAcc" data-provider="getData" finished-at="2023-09-20T22:24:51 IST" duration-ms="116" status="PASS">
          <params>
            <param index="0">
              <value>
                <![CDATA[Suba Ganeshan]]>
              </value>
            </param>
            <param index="1">
              <value>
                <![CDATA[Rupee]]>
              </value>
            </param>
          </params>
          <reporter-output>
            <line>
              <![CDATA[Account created successfully]]>
            </line>
            <line>
              <![CDATA[OPENACC  Passed]]>
            </line>
          </reporter-output>
        </test-method> <!-- openAcc -->
        <test-method signature="openAcc(java.lang.String,java.lang.String)[pri:0, instance:com.passport.testcase.OpenAccountTest@1a45193b]" started-at="2023-09-20T22:24:51 IST" name="openAcc" data-provider="getData" finished-at="2023-09-20T22:24:51 IST" duration-ms="120" status="PASS">
          <params>
            <param index="0">
              <value>
                <![CDATA[Sasi Ganeshan]]>
              </value>
            </param>
            <param index="1">
              <value>
                <![CDATA[Rupee]]>
              </value>
            </param>
          </params>
          <reporter-output>
            <line>
              <![CDATA[Account created successfully]]>
            </line>
            <line>
              <![CDATA[OPENACC  Passed]]>
            </line>
          </reporter-output>
        </test-method> <!-- openAcc -->
        <test-method signature="openAcc(java.lang.String,java.lang.String)[pri:0, instance:com.passport.testcase.OpenAccountTest@1a45193b]" started-at="2023-09-20T22:24:51 IST" name="openAcc" data-provider="getData" finished-at="2023-09-20T22:24:51 IST" duration-ms="127" status="PASS">
          <params>
            <param index="0">
              <value>
                <![CDATA[Sathish Gunasekaran]]>
              </value>
            </param>
            <param index="1">
              <value>
                <![CDATA[Rupee]]>
              </value>
            </param>
          </params>
          <reporter-output>
            <line>
              <![CDATA[Account created successfully]]>
            </line>
            <line>
              <![CDATA[OPENACC  Passed]]>
            </line>
          </reporter-output>
        </test-method> <!-- openAcc -->
        <test-method signature="openAcc(java.lang.String,java.lang.String)[pri:0, instance:com.passport.testcase.OpenAccountTest@1a45193b]" started-at="2023-09-20T22:24:51 IST" name="openAcc" data-provider="getData" finished-at="2023-09-20T22:24:51 IST" duration-ms="127" status="PASS">
          <params>
            <param index="0">
              <value>
                <![CDATA[Rajesh Gunasekaran]]>
              </value>
            </param>
            <param index="1">
              <value>
                <![CDATA[Rupee]]>
              </value>
            </param>
          </params>
          <reporter-output>
            <line>
              <![CDATA[Account created successfully]]>
            </line>
            <line>
              <![CDATA[OPENACC  Passed]]>
            </line>
          </reporter-output>
        </test-method> <!-- openAcc -->
        <test-method signature="openAcc(java.lang.String,java.lang.String)[pri:0, instance:com.passport.testcase.OpenAccountTest@1a45193b]" started-at="2023-09-20T22:24:51 IST" name="openAcc" data-provider="getData" finished-at="2023-09-20T22:24:51 IST" duration-ms="127" status="PASS">
          <params>
            <param index="0">
              <value>
                <![CDATA[Suresh Sugumaran]]>
              </value>
            </param>
            <param index="1">
              <value>
                <![CDATA[Rupee]]>
              </value>
            </param>
          </params>
          <reporter-output>
            <line>
              <![CDATA[Account created successfully]]>
            </line>
            <line>
              <![CDATA[OPENACC  Passed]]>
            </line>
          </reporter-output>
        </test-method> <!-- openAcc -->
        <test-method signature="openAcc(java.lang.String,java.lang.String)[pri:0, instance:com.passport.testcase.OpenAccountTest@1a45193b]" started-at="2023-09-20T22:24:51 IST" name="openAcc" data-provider="getData" finished-at="2023-09-20T22:24:52 IST" duration-ms="124" status="PASS">
          <params>
            <param index="0">
              <value>
                <![CDATA[kathiresan Dhavamanu]]>
              </value>
            </param>
            <param index="1">
              <value>
                <![CDATA[Rupee]]>
              </value>
            </param>
          </params>
          <reporter-output>
            <line>
              <![CDATA[Account created successfully]]>
            </line>
            <line>
              <![CDATA[OPENACC  Passed]]>
            </line>
          </reporter-output>
        </test-method> <!-- openAcc -->
        <test-method signature="openAcc(java.lang.String,java.lang.String)[pri:0, instance:com.passport.testcase.OpenAccountTest@1a45193b]" started-at="2023-09-20T22:24:52 IST" name="openAcc" data-provider="getData" finished-at="2023-09-20T22:24:52 IST" duration-ms="126" status="PASS">
          <params>
            <param index="0">
              <value>
                <![CDATA[Sakthivel Sundreasan]]>
              </value>
            </param>
            <param index="1">
              <value>
                <![CDATA[Rupee]]>
              </value>
            </param>
          </params>
          <reporter-output>
            <line>
              <![CDATA[Account created successfully]]>
            </line>
            <line>
              <![CDATA[OPENACC  Passed]]>
            </line>
          </reporter-output>
        </test-method> <!-- openAcc -->
        <test-method signature="openAcc(java.lang.String,java.lang.String)[pri:0, instance:com.passport.testcase.OpenAccountTest@1a45193b]" started-at="2023-09-20T22:24:52 IST" name="openAcc" data-provider="getData" finished-at="2023-09-20T22:24:52 IST" duration-ms="115" status="PASS">
          <params>
            <param index="0">
              <value>
                <![CDATA[Babu Asubathi]]>
              </value>
            </param>
            <param index="1">
              <value>
                <![CDATA[Rupee]]>
              </value>
            </param>
          </params>
          <reporter-output>
            <line>
              <![CDATA[Account created successfully]]>
            </line>
            <line>
              <![CDATA[OPENACC  Passed]]>
            </line>
          </reporter-output>
        </test-method> <!-- openAcc -->
      </class> <!-- com.passport.testcase.OpenAccountTest -->
    </test> <!-- Test_2 -->
    <test started-at="2023-09-20T22:24:52 IST" name="Test_3" finished-at="2023-09-20T22:24:52 IST" duration-ms="171">
      <class name="com.passport.testcase.VerifyCustomer">
        <test-method is-config="true" signature="setUp()[pri:0, instance:com.passport.testcase.VerifyCustomer@b70da4c]" started-at="2023-09-20T22:24:46 IST" name="setUp" finished-at="2023-09-20T22:24:48 IST" duration-ms="1873" status="PASS">
          <reporter-output>
          </reporter-output>
        </test-method> <!-- setUp -->
        <test-method signature="searchCustomer()[pri:0, instance:com.passport.testcase.VerifyCustomer@b70da4c]" started-at="2023-09-20T22:24:52 IST" name="searchCustomer" finished-at="2023-09-20T22:24:52 IST" duration-ms="171" status="PASS">
          <reporter-output>
            <line>
              <![CDATA[SEARCHCUSTOMER  Passed]]>
            </line>
          </reporter-output>
        </test-method> <!-- searchCustomer -->
        <test-method is-config="true" signature="tearDown()[pri:0, instance:com.passport.testcase.VerifyCustomer@b70da4c]" started-at="2023-09-20T22:24:52 IST" name="tearDown" finished-at="2023-09-20T22:24:52 IST" duration-ms="0" status="PASS">
          <reporter-output>
          </reporter-output>
        </test-method> <!-- tearDown -->
      </class> <!-- com.passport.testcase.VerifyCustomer -->
    </test> <!-- Test_3 -->
  </suite> <!-- Data Driver Basics -->
</testng-results>
