<?xml version="1.0" encoding="UTF-8"?>
<testsuite xmlns:xsi="http://www.w3.org/2001/XMLSchema-instance" xsi:noNamespaceSchemaLocation="https://maven.apache.org/surefire/maven-surefire-plugin/xsd/surefire-test-report-3.0.xsd" version="3.0" name="TestSuite" time="6.478" tests="21" errors="0" skipped="0" failures="0">
  <properties>
[...]
</properties>
  <testcase name="loginAsBankManager" classname="com.passport.testcase.LoginTest" time="0.098">
    <system-err><![CDATA[SLF4J: Failed to load class "org.slf4j.impl.StaticLoggerBinder".
SLF4J: Defaulting to no-operation (NOP) logger implementation
SLF4J: See http://www.slf4j.org/codes.html#StaticLoggerBinder for further details.
Sep 20, 2023 10:24:46 PM com.relevantcodes.extentreports.ExtentReports loadConfig
WARNING: Unable to perform report configuration. The file C:\Users\vinot\eclipse-workspace\LiveProject_01\src	est\resources\extentconfig\ReportsConfig.xml was not found.
Starting ChromeDriver 116.0.5845.96 (1a391816688002153ef791ffe60d9e899a71a037-refs/branch-heads/5845@{#1382}) on port 10502
Only local connections are allowed.
Please see https://chromedriver.chromium.org/security-considerations for suggestions on keeping ChromeDriver safe.
ChromeDriver was started successfully.
Sep 20, 2023 10:24:47 PM org.openqa.selenium.remote.ProtocolHandshake createSession
INFO: Detected dialect: W3C
]]></system-err>
  </testcase>
  <testcase name="addCustomer[Vinothkumar, Gnanasekaran, P612604](1)" classname="com.passport.testcase.AddCustomerTest" time="0.357">
    <system-out><![CDATA[Last Row==9
Last Cell==3
Customer added successfully with customer id :6
]]></system-out>
  </testcase>
  <testcase name="addCustomer[Suba, Ganeshan, 612203](2)" classname="com.passport.testcase.AddCustomerTest" time="0.239">
    <system-out><![CDATA[Customer added successfully with customer id :7
]]></system-out>
  </testcase>
  <testcase name="addCustomer[Sasi, Ganeshan, 612203](3)" classname="com.passport.testcase.AddCustomerTest" time="0.205">
    <system-out><![CDATA[Customer added successfully with customer id :8
]]></system-out>
  </testcase>
  <testcase name="addCustomer[Sathish, Gunasekaran, 612604](4)" classname="com.passport.testcase.AddCustomerTest" time="0.196">
    <system-out><![CDATA[Customer added successfully with customer id :9
]]></system-out>
  </testcase>
  <testcase name="addCustomer[Rajesh, Gunasekaran, 612604](5)" classname="com.passport.testcase.AddCustomerTest" time="0.203">
    <system-out><![CDATA[Customer added successfully with customer id :10
]]></system-out>
  </testcase>
  <testcase name="addCustomer[Suresh, Sugumaran, 612604](6)" classname="com.passport.testcase.AddCustomerTest" time="0.204">
    <system-out><![CDATA[Customer added successfully with customer id :11
]]></system-out>
  </testcase>
  <testcase name="addCustomer[kathiresan, Dhavamanu, 612605](7)" classname="com.passport.testcase.AddCustomerTest" time="0.188">
    <system-out><![CDATA[Customer added successfully with customer id :12
]]></system-out>
  </testcase>
  <testcase name="addCustomer[Sakthivel, Sundreasan, 612606](8)" classname="com.passport.testcase.AddCustomerTest" time="0.201">
    <system-out><![CDATA[Customer added successfully with customer id :13
]]></system-out>
  </testcase>
  <testcase name="addCustomer[Babu, Asubathi, 612600](9)" classname="com.passport.testcase.AddCustomerTest" time="0.174">
    <system-out><![CDATA[Customer added successfully with customer id :14
]]></system-out>
  </testcase>
  <testcase name="demoTEst" classname="com.passport.testcase.AddCustomerTest" time="0.0"/>
  <testcase name="openAcc[Vinothkumar Gnanasekaran, Rupee](1)" classname="com.passport.testcase.OpenAccountTest" time="0.216">
    <system-out><![CDATA[Last Row==9
Last Cell==2
Account created successfully with account Number :1016
]]></system-out>
  </testcase>
  <testcase name="openAcc[Suba Ganeshan, Rupee](2)" classname="com.passport.testcase.OpenAccountTest" time="0.116">
    <system-out><![CDATA[Account created successfully with account Number :1017
]]></system-out>
  </testcase>
  <testcase name="openAcc[Sasi Ganeshan, Rupee](3)" classname="com.passport.testcase.OpenAccountTest" time="0.12">
    <system-out><![CDATA[Account created successfully with account Number :1018
]]></system-out>
  </testcase>
  <testcase name="openAcc[Sathish Gunasekaran, Rupee](4)" classname="com.passport.testcase.OpenAccountTest" time="0.126">
    <system-out><![CDATA[Account created successfully with account Number :1019
]]></system-out>
  </testcase>
  <testcase name="openAcc[Rajesh Gunasekaran, Rupee](5)" classname="com.passport.testcase.OpenAccountTest" time="0.128">
    <system-out><![CDATA[Account created successfully with account Number :1020
]]></system-out>
  </testcase>
  <testcase name="openAcc[Suresh Sugumaran, Rupee](6)" classname="com.passport.testcase.OpenAccountTest" time="0.126">
    <system-out><![CDATA[Account created successfully with account Number :1021
]]></system-out>
  </testcase>
  <testcase name="openAcc[kathiresan Dhavamanu, Rupee](7)" classname="com.passport.testcase.OpenAccountTest" time="0.125">
    <system-out><![CDATA[Account created successfully with account Number :1022
]]></system-out>
  </testcase>
  <testcase name="openAcc[Sakthivel Sundreasan, Rupee](8)" classname="com.passport.testcase.OpenAccountTest" time="0.123">
    <system-out><![CDATA[Account created successfully with account Number :1023
]]></system-out>
  </testcase>
  <testcase name="openAcc[Babu Asubathi, Rupee](9)" classname="com.passport.testcase.OpenAccountTest" time="0.115">
    <system-out><![CDATA[Account created successfully with account Number :1024
]]></system-out>
  </testcase>
  <testcase name="searchCustomer" classname="com.passport.testcase.VerifyCustomer" time="0.171">
    <system-out><![CDATA[Vinothkumar
]]></system-out>
  </testcase>
</testsuite>