<?xml version="1.0" encoding="UTF-8"?>
<testsuite xmlns:xsi="http://www.w3.org/2001/XMLSchema-instance" xsi:noNamespaceSchemaLocation="https://maven.apache.org/surefire/maven-surefire-plugin/xsd/surefire-test-report-3.0.xsd" version="3.0" name="TestSuite" time="8.272" tests="29" errors="0" skipped="0" failures="0">
  <properties>
[...]
</properties>
  <testcase name="loginAsBankManager" classname="com.passport.testcase.LoginTest" time="0.218">
    <system-err><![CDATA[SLF4J: Failed to load class "org.slf4j.impl.StaticLoggerBinder".
SLF4J: Defaulting to no-operation (NOP) logger implementation
SLF4J: See http://www.slf4j.org/codes.html#StaticLoggerBinder for further details.
Sep 20, 2023 10:46:29 PM com.relevantcodes.extentreports.ExtentReports loadConfig
WARNING: Unable to perform report configuration. The file C:\Users\vinot\eclipse-workspace\LiveProject_01\src	est\resources\extentconfig\ReportsConfig.xml was not found.
Starting ChromeDriver 116.0.5845.96 (1a391816688002153ef791ffe60d9e899a71a037-refs/branch-heads/5845@{#1382}) on port 13587
Only local connections are allowed.
Please see https://chromedriver.chromium.org/security-considerations for suggestions on keeping ChromeDriver safe.
ChromeDriver was started successfully.
Sep 20, 2023 10:46:31 PM org.openqa.selenium.remote.ProtocolHandshake createSession
INFO: Detected dialect: W3C
]]></system-err>
  </testcase>
  <testcase name="addCustomer[Vinothkumar, Gnanasekaran, P612604](1)" classname="com.passport.testcase.AddCustomerTest" time="0.356">
    <system-out><![CDATA[Last Row==9
Last Cell==3
Customer added successfully with customer id :6
]]></system-out>
    <system-err><![CDATA[java.io.FileNotFoundException: C:\Users\vinot\eclipse-workspace\LiveProject_01\.\src\test\resources\excel\AddCustomerDetails.xlsx (The process cannot access the file because it is being used by another process)
	at java.base/java.io.FileOutputStream.open0(Native Method)
	at java.base/java.io.FileOutputStream.open(FileOutputStream.java:293)
	at java.base/java.io.FileOutputStream.<init>(FileOutputStream.java:235)
	at java.base/java.io.FileOutputStream.<init>(FileOutputStream.java:184)
	at org.apache.poi.openxml4j.opc.internal.FileHelper.copyFile(FileHelper.java:65)
	at org.apache.poi.openxml4j.opc.ZipPackage.closeImpl(ZipPackage.java:480)
	at org.apache.poi.openxml4j.opc.OPCPackage.close(OPCPackage.java:470)
	at org.apache.poi.ooxml.POIXMLDocument.close(POIXMLDocument.java:189)
	at org.apache.poi.xssf.usermodel.XSSFWorkbook.close(XSSFWorkbook.java:610)
	at com.passport.utilities.Utillities.getDataFromExcel(Utillities.java:49)
	at com.passport.testcase.AddCustomerTest.getData(AddCustomerTest.java:46)
	at java.base/jdk.internal.reflect.NativeMethodAccessorImpl.invoke0(Native Method)
	at java.base/jdk.internal.reflect.NativeMethodAccessorImpl.invoke(NativeMethodAccessorImpl.java:77)
	at java.base/jdk.internal.reflect.DelegatingMethodAccessorImpl.invoke(DelegatingMethodAccessorImpl.java:43)
	at java.base/java.lang.reflect.Method.invoke(Method.java:568)
	at org.testng.internal.invokers.MethodInvocationHelper.invokeMethod(MethodInvocationHelper.java:139)
	at org.testng.internal.invokers.MethodInvocationHelper.invokeMethod(MethodInvocationHelper.java:84)
	at org.testng.internal.invokers.MethodInvocationHelper.invokeMethodNoCheckedException(MethodInvocationHelper.java:53)
	at org.testng.internal.invokers.MethodInvocationHelper.invokeDataProvider(MethodInvocationHelper.java:157)
	at org.testng.internal.Parameters.handleParameters(Parameters.java:803)
	at org.testng.internal.Parameters.handleParameters(Parameters.java:728)
	at org.testng.internal.invokers.ParameterHandler.handleParameters(ParameterHandler.java:72)
	at org.testng.internal.invokers.ParameterHandler.createParameters(ParameterHandler.java:51)
	at org.testng.internal.invokers.TestInvoker$MethodInvocationAgent.invoke(TestInvoker.java:911)
	at org.testng.internal.invokers.TestInvoker.invokeTestMethods(TestInvoker.java:200)
	at org.testng.internal.invokers.TestMethodWorker.invokeTestMethods(TestMethodWorker.java:148)
	at org.testng.internal.invokers.TestMethodWorker.run(TestMethodWorker.java:128)
	at java.base/java.util.ArrayList.forEach(ArrayList.java:1511)
	at org.testng.TestRunner.privateRun(TestRunner.java:848)
	at org.testng.TestRunner.run(TestRunner.java:621)
	at org.testng.SuiteRunner.runTest(SuiteRunner.java:443)
	at org.testng.SuiteRunner.runSequentially(SuiteRunner.java:437)
	at org.testng.SuiteRunner.privateRun(SuiteRunner.java:397)
	at org.testng.SuiteRunner.run(SuiteRunner.java:336)
	at org.testng.SuiteRunnerWorker.runSuite(SuiteRunnerWorker.java:52)
	at org.testng.SuiteRunnerWorker.run(SuiteRunnerWorker.java:95)
	at org.testng.TestNG.runSuitesSequentially(TestNG.java:1280)
	at org.testng.TestNG.runSuitesLocally(TestNG.java:1200)
	at org.testng.TestNG.runSuites(TestNG.java:1114)
	at org.testng.TestNG.run(TestNG.java:1082)
	at org.apache.maven.surefire.testng.TestNGExecutor.run(TestNGExecutor.java:308)
	at org.apache.maven.surefire.testng.TestNGXmlTestSuite.execute(TestNGXmlTestSuite.java:71)
	at org.apache.maven.surefire.testng.TestNGProvider.invoke(TestNGProvider.java:113)
	at org.apache.maven.surefire.booter.ForkedBooter.runSuitesInProcess(ForkedBooter.java:385)
	at org.apache.maven.surefire.booter.ForkedBooter.execute(ForkedBooter.java:162)
	at org.apache.maven.surefire.booter.ForkedBooter.run(ForkedBooter.java:507)
	at org.apache.maven.surefire.booter.ForkedBooter.main(ForkedBooter.java:495)
]]></system-err>
  </testcase>
  <testcase name="addCustomer[Suba, Ganeshan, 612203](2)" classname="com.passport.testcase.AddCustomerTest" time="0.226">
    <system-out><![CDATA[Customer added successfully with customer id :7
]]></system-out>
  </testcase>
  <testcase name="addCustomer[Sasi, Ganeshan, 612203](3)" classname="com.passport.testcase.AddCustomerTest" time="0.276">
    <system-out><![CDATA[Customer added successfully with customer id :8
]]></system-out>
  </testcase>
  <testcase name="addCustomer[Sathish, Gunasekaran, 612604](4)" classname="com.passport.testcase.AddCustomerTest" time="0.256">
    <system-out><![CDATA[Customer added successfully with customer id :9
]]></system-out>
  </testcase>
  <testcase name="addCustomer[Rajesh, Gunasekaran, 612604](5)" classname="com.passport.testcase.AddCustomerTest" time="0.287">
    <system-out><![CDATA[Customer added successfully with customer id :10
]]></system-out>
  </testcase>
  <testcase name="addCustomer[Suresh, Sugumaran, 612604](6)" classname="com.passport.testcase.AddCustomerTest" time="0.24">
    <system-out><![CDATA[Customer added successfully with customer id :11
]]></system-out>
  </testcase>
  <testcase name="addCustomer[kathiresan, Dhavamanu, 612605](7)" classname="com.passport.testcase.AddCustomerTest" time="0.242">
    <system-out><![CDATA[Customer added successfully with customer id :12
]]></system-out>
  </testcase>
  <testcase name="addCustomer[Sakthivel, Sundreasan, 612606](8)" classname="com.passport.testcase.AddCustomerTest" time="0.213">
    <system-out><![CDATA[Customer added successfully with customer id :13
]]></system-out>
  </testcase>
  <testcase name="addCustomer[Babu, Asubathi, 612600](9)" classname="com.passport.testcase.AddCustomerTest" time="0.175">
    <system-out><![CDATA[Customer added successfully with customer id :14
]]></system-out>
  </testcase>
  <testcase name="demoTEst" classname="com.passport.testcase.AddCustomerTest" time="0.0"/>
  <testcase name="openAcc[Vinothkumar Gnanasekaran, Rupee](1)" classname="com.passport.testcase.OpenAccountTest" time="0.278">
    <system-out><![CDATA[Last Row==9
Last Cell==2
Account created successfully with account Number :1016
]]></system-out>
    <system-err><![CDATA[java.io.FileNotFoundException: C:\Users\vinot\eclipse-workspace\LiveProject_01\.\src\test\resources\excel\AddCustomerDetails.xlsx (The process cannot access the file because it is being used by another process)
	at java.base/java.io.FileOutputStream.open0(Native Method)
	at java.base/java.io.FileOutputStream.open(FileOutputStream.java:293)
	at java.base/java.io.FileOutputStream.<init>(FileOutputStream.java:235)
	at java.base/java.io.FileOutputStream.<init>(FileOutputStream.java:184)
	at org.apache.poi.openxml4j.opc.internal.FileHelper.copyFile(FileHelper.java:65)
	at org.apache.poi.openxml4j.opc.ZipPackage.closeImpl(ZipPackage.java:480)
	at org.apache.poi.openxml4j.opc.OPCPackage.close(OPCPackage.java:470)
	at org.apache.poi.ooxml.POIXMLDocument.close(POIXMLDocument.java:189)
	at org.apache.poi.xssf.usermodel.XSSFWorkbook.close(XSSFWorkbook.java:610)
	at com.passport.utilities.Utillities.getDataFromExcel(Utillities.java:49)
	at com.passport.testcase.OpenAccountTest.getData(OpenAccountTest.java:34)
	at java.base/jdk.internal.reflect.NativeMethodAccessorImpl.invoke0(Native Method)
	at java.base/jdk.internal.reflect.NativeMethodAccessorImpl.invoke(NativeMethodAccessorImpl.java:77)
	at java.base/jdk.internal.reflect.DelegatingMethodAccessorImpl.invoke(DelegatingMethodAccessorImpl.java:43)
	at java.base/java.lang.reflect.Method.invoke(Method.java:568)
	at org.testng.internal.invokers.MethodInvocationHelper.invokeMethod(MethodInvocationHelper.java:139)
	at org.testng.internal.invokers.MethodInvocationHelper.invokeMethod(MethodInvocationHelper.java:84)
	at org.testng.internal.invokers.MethodInvocationHelper.invokeMethodNoCheckedException(MethodInvocationHelper.java:53)
	at org.testng.internal.invokers.MethodInvocationHelper.invokeDataProvider(MethodInvocationHelper.java:157)
	at org.testng.internal.Parameters.handleParameters(Parameters.java:803)
	at org.testng.internal.Parameters.handleParameters(Parameters.java:728)
	at org.testng.internal.invokers.ParameterHandler.handleParameters(ParameterHandler.java:72)
	at org.testng.internal.invokers.ParameterHandler.createParameters(ParameterHandler.java:51)
	at org.testng.internal.invokers.TestInvoker$MethodInvocationAgent.invoke(TestInvoker.java:911)
	at org.testng.internal.invokers.TestInvoker.invokeTestMethods(TestInvoker.java:200)
	at org.testng.internal.invokers.TestMethodWorker.invokeTestMethods(TestMethodWorker.java:148)
	at org.testng.internal.invokers.TestMethodWorker.run(TestMethodWorker.java:128)
	at java.base/java.util.ArrayList.forEach(ArrayList.java:1511)
	at org.testng.TestRunner.privateRun(TestRunner.java:848)
	at org.testng.TestRunner.run(TestRunner.java:621)
	at org.testng.SuiteRunner.runTest(SuiteRunner.java:443)
	at org.testng.SuiteRunner.runSequentially(SuiteRunner.java:437)
	at org.testng.SuiteRunner.privateRun(SuiteRunner.java:397)
	at org.testng.SuiteRunner.run(SuiteRunner.java:336)
	at org.testng.SuiteRunnerWorker.runSuite(SuiteRunnerWorker.java:52)
	at org.testng.SuiteRunnerWorker.run(SuiteRunnerWorker.java:95)
	at org.testng.TestNG.runSuitesSequentially(TestNG.java:1280)
	at org.testng.TestNG.runSuitesLocally(TestNG.java:1200)
	at org.testng.TestNG.runSuites(TestNG.java:1114)
	at org.testng.TestNG.run(TestNG.java:1082)
	at org.apache.maven.surefire.testng.TestNGExecutor.run(TestNGExecutor.java:308)
	at org.apache.maven.surefire.testng.TestNGXmlTestSuite.execute(TestNGXmlTestSuite.java:71)
	at org.apache.maven.surefire.testng.TestNGProvider.invoke(TestNGProvider.java:113)
	at org.apache.maven.surefire.booter.ForkedBooter.runSuitesInProcess(ForkedBooter.java:385)
	at org.apache.maven.surefire.booter.ForkedBooter.execute(ForkedBooter.java:162)
	at org.apache.maven.surefire.booter.ForkedBooter.run(ForkedBooter.java:507)
	at org.apache.maven.surefire.booter.ForkedBooter.main(ForkedBooter.java:495)
]]></system-err>
  </testcase>
  <testcase name="openAcc[Suba Ganeshan, Rupee](2)" classname="com.passport.testcase.OpenAccountTest" time="0.133">
    <system-out><![CDATA[Account created successfully with account Number :1017
]]></system-out>
  </testcase>
  <testcase name="openAcc[Sasi Ganeshan, Rupee](3)" classname="com.passport.testcase.OpenAccountTest" time="0.124">
    <system-out><![CDATA[Account created successfully with account Number :1018
]]></system-out>
  </testcase>
  <testcase name="openAcc[Sathish Gunasekaran, Rupee](4)" classname="com.passport.testcase.OpenAccountTest" time="0.13">
    <system-out><![CDATA[Account created successfully with account Number :1019
]]></system-out>
  </testcase>
  <testcase name="openAcc[Rajesh Gunasekaran, Rupee](5)" classname="com.passport.testcase.OpenAccountTest" time="0.142">
    <system-out><![CDATA[Account created successfully with account Number :1020
]]></system-out>
  </testcase>
  <testcase name="openAcc[Suresh Sugumaran, Rupee](6)" classname="com.passport.testcase.OpenAccountTest" time="0.152">
    <system-out><![CDATA[Account created successfully with account Number :1021
]]></system-out>
  </testcase>
  <testcase name="openAcc[kathiresan Dhavamanu, Rupee](7)" classname="com.passport.testcase.OpenAccountTest" time="0.151">
    <system-out><![CDATA[Account created successfully with account Number :1022
]]></system-out>
  </testcase>
  <testcase name="openAcc[Sakthivel Sundreasan, Rupee](8)" classname="com.passport.testcase.OpenAccountTest" time="0.13">
    <system-out><![CDATA[Account created successfully with account Number :1023
]]></system-out>
  </testcase>
  <testcase name="openAcc[Babu Asubathi, Rupee](9)" classname="com.passport.testcase.OpenAccountTest" time="0.146">
    <system-out><![CDATA[Account created successfully with account Number :1024
]]></system-out>
  </testcase>
  <testcase name="searchCustomer[Vinothkumar](1)" classname="com.passport.testcase.VerifyCustomer" time="0.21">
    <system-out><![CDATA[Last Row==9
Last Cell==1
Vinothkumar
]]></system-out>
    <system-err><![CDATA[java.io.FileNotFoundException: C:\Users\vinot\eclipse-workspace\LiveProject_01\.\src\test\resources\excel\AddCustomerDetails.xlsx (The process cannot access the file because it is being used by another process)
	at java.base/java.io.FileOutputStream.open0(Native Method)
	at java.base/java.io.FileOutputStream.open(FileOutputStream.java:293)
	at java.base/java.io.FileOutputStream.<init>(FileOutputStream.java:235)
	at java.base/java.io.FileOutputStream.<init>(FileOutputStream.java:184)
	at org.apache.poi.openxml4j.opc.internal.FileHelper.copyFile(FileHelper.java:65)
	at org.apache.poi.openxml4j.opc.ZipPackage.closeImpl(ZipPackage.java:480)
	at org.apache.poi.openxml4j.opc.OPCPackage.close(OPCPackage.java:470)
	at org.apache.poi.ooxml.POIXMLDocument.close(POIXMLDocument.java:189)
	at org.apache.poi.xssf.usermodel.XSSFWorkbook.close(XSSFWorkbook.java:610)
	at com.passport.utilities.Utillities.getDataFromExcel(Utillities.java:49)
	at com.passport.testcase.VerifyCustomer.getData(VerifyCustomer.java:27)
	at java.base/jdk.internal.reflect.NativeMethodAccessorImpl.invoke0(Native Method)
	at java.base/jdk.internal.reflect.NativeMethodAccessorImpl.invoke(NativeMethodAccessorImpl.java:77)
	at java.base/jdk.internal.reflect.DelegatingMethodAccessorImpl.invoke(DelegatingMethodAccessorImpl.java:43)
	at java.base/java.lang.reflect.Method.invoke(Method.java:568)
	at org.testng.internal.invokers.MethodInvocationHelper.invokeMethod(MethodInvocationHelper.java:139)
	at org.testng.internal.invokers.MethodInvocationHelper.invokeMethod(MethodInvocationHelper.java:84)
	at org.testng.internal.invokers.MethodInvocationHelper.invokeMethodNoCheckedException(MethodInvocationHelper.java:53)
	at org.testng.internal.invokers.MethodInvocationHelper.invokeDataProvider(MethodInvocationHelper.java:157)
	at org.testng.internal.Parameters.handleParameters(Parameters.java:803)
	at org.testng.internal.Parameters.handleParameters(Parameters.java:728)
	at org.testng.internal.invokers.ParameterHandler.handleParameters(ParameterHandler.java:72)
	at org.testng.internal.invokers.ParameterHandler.createParameters(ParameterHandler.java:51)
	at org.testng.internal.invokers.TestInvoker$MethodInvocationAgent.invoke(TestInvoker.java:911)
	at org.testng.internal.invokers.TestInvoker.invokeTestMethods(TestInvoker.java:200)
	at org.testng.internal.invokers.TestMethodWorker.invokeTestMethods(TestMethodWorker.java:148)
	at org.testng.internal.invokers.TestMethodWorker.run(TestMethodWorker.java:128)
	at java.base/java.util.ArrayList.forEach(ArrayList.java:1511)
	at org.testng.TestRunner.privateRun(TestRunner.java:848)
	at org.testng.TestRunner.run(TestRunner.java:621)
	at org.testng.SuiteRunner.runTest(SuiteRunner.java:443)
	at org.testng.SuiteRunner.runSequentially(SuiteRunner.java:437)
	at org.testng.SuiteRunner.privateRun(SuiteRunner.java:397)
	at org.testng.SuiteRunner.run(SuiteRunner.java:336)
	at org.testng.SuiteRunnerWorker.runSuite(SuiteRunnerWorker.java:52)
	at org.testng.SuiteRunnerWorker.run(SuiteRunnerWorker.java:95)
	at org.testng.TestNG.runSuitesSequentially(TestNG.java:1280)
	at org.testng.TestNG.runSuitesLocally(TestNG.java:1200)
	at org.testng.TestNG.runSuites(TestNG.java:1114)
	at org.testng.TestNG.run(TestNG.java:1082)
	at org.apache.maven.surefire.testng.TestNGExecutor.run(TestNGExecutor.java:308)
	at org.apache.maven.surefire.testng.TestNGXmlTestSuite.execute(TestNGXmlTestSuite.java:71)
	at org.apache.maven.surefire.testng.TestNGProvider.invoke(TestNGProvider.java:113)
	at org.apache.maven.surefire.booter.ForkedBooter.runSuitesInProcess(ForkedBooter.java:385)
	at org.apache.maven.surefire.booter.ForkedBooter.execute(ForkedBooter.java:162)
	at org.apache.maven.surefire.booter.ForkedBooter.run(ForkedBooter.java:507)
	at org.apache.maven.surefire.booter.ForkedBooter.main(ForkedBooter.java:495)
]]></system-err>
  </testcase>
  <testcase name="searchCustomer[Suba](2)" classname="com.passport.testcase.VerifyCustomer" time="0.107">
    <system-out><![CDATA[Suba
]]></system-out>
  </testcase>
  <testcase name="searchCustomer[Sasi](3)" classname="com.passport.testcase.VerifyCustomer" time="0.11">
    <system-out><![CDATA[Sasi
]]></system-out>
  </testcase>
  <testcase name="searchCustomer[Sathish](4)" classname="com.passport.testcase.VerifyCustomer" time="0.1">
    <system-out><![CDATA[Sathish
]]></system-out>
  </testcase>
  <testcase name="searchCustomer[Rajesh](5)" classname="com.passport.testcase.VerifyCustomer" time="0.116">
    <system-out><![CDATA[Rajesh
]]></system-out>
  </testcase>
  <testcase name="searchCustomer[Suresh](6)" classname="com.passport.testcase.VerifyCustomer" time="0.129">
    <system-out><![CDATA[Suresh
]]></system-out>
  </testcase>
  <testcase name="searchCustomer[kathiresan](7)" classname="com.passport.testcase.VerifyCustomer" time="0.144">
    <system-out><![CDATA[kathiresan
]]></system-out>
  </testcase>
  <testcase name="searchCustomer[Sakthivel](8)" classname="com.passport.testcase.VerifyCustomer" time="0.13">
    <system-out><![CDATA[Sakthivel
]]></system-out>
  </testcase>
  <testcase name="searchCustomer[Babu](9)" classname="com.passport.testcase.VerifyCustomer" time="0.12">
    <system-out><![CDATA[Babu
]]></system-out>
  </testcase>
</testsuite>