<?xml version="1.0" encoding="UTF-8"?>
<testsuite name="Test_3"
           tests="51"
           failures="0"
           errors="0"
           skipped="0"
           time="6.265">
  <properties />
  
  
            <testcase name="verifyAccountBalance" time="0.140" classname="com.passport.testcase.VerifyDepositFunc" />
                <testcase name="verifyAccountBalance" time="0.083" classname="com.passport.testcase.VerifyDepositFunc" />
                <testcase name="verifyAccountBalance" time="0.119" classname="com.passport.testcase.VerifyDepositFunc" />
                <testcase name="verifyAccountBalance" time="0.112" classname="com.passport.testcase.VerifyDepositFunc" />
                <testcase name="verifyAccountBalance" time="0.118" classname="com.passport.testcase.VerifyDepositFunc" />
                <testcase name="verifyAccountBalance" time="0.122" classname="com.passport.testcase.VerifyDepositFunc" />
                <testcase name="verifyAccountBalance" time="0.131" classname="com.passport.testcase.VerifyDepositFunc" />
                <testcase name="verifyAccountBalance" time="0.117" classname="com.passport.testcase.VerifyDepositFunc" />
                <testcase name="verifyAccountBalance" time="0.120" classname="com.passport.testcase.VerifyDepositFunc" />
                <testcase name="verifyAccountBalance" time="0.082" classname="com.passport.testcase.VerifyDepositFunc" />
                <testcase name="verifyAccountBalance" time="0.130" classname="com.passport.testcase.VerifyDepositFunc" />
                <testcase name="verifyAccountBalance" time="0.111" classname="com.passport.testcase.VerifyDepositFunc" />
                <testcase name="verifyAccountBalance" time="0.080" classname="com.passport.testcase.VerifyDepositFunc" />
                <testcase name="verifyAccountBalance" time="0.126" classname="com.passport.testcase.VerifyDepositFunc" />
                <testcase name="verifyAccountBalance" time="0.084" classname="com.passport.testcase.VerifyDepositFunc" />
                <testcase name="verifyAccountBalance" time="0.079" classname="com.passport.testcase.VerifyDepositFunc" />
                <testcase name="verifyAccountBalance" time="0.083" classname="com.passport.testcase.VerifyDepositFunc" />
                <testcase name="verifyAccountBalance" time="0.120" classname="com.passport.testcase.VerifyDepositFunc" />
                <testcase name="verifyAccountBalance" time="0.132" classname="com.passport.testcase.VerifyDepositFunc" />
                <testcase name="verifyAccountBalance" time="0.088" classname="com.passport.testcase.VerifyDepositFunc" />
                <testcase name="verifyAccountBalance" time="0.119" classname="com.passport.testcase.VerifyDepositFunc" />
                <testcase name="verifyAccountBalance" time="0.096" classname="com.passport.testcase.VerifyDepositFunc" />
                <testcase name="verifyAccountBalance" time="0.116" classname="com.passport.testcase.VerifyDepositFunc" />
                <testcase name="verifyAccountBalance" time="0.113" classname="com.passport.testcase.VerifyDepositFunc" />
                <testcase name="verifyAccountBalance" time="0.083" classname="com.passport.testcase.VerifyDepositFunc" />
                <testcase name="verifyAccountBalance" time="0.091" classname="com.passport.testcase.VerifyDepositFunc" />
                <testcase name="verifyAccountBalance" time="0.108" classname="com.passport.testcase.VerifyDepositFunc" />
                <testcase name="verifyAccountBalance" time="0.158" classname="com.passport.testcase.VerifyDepositFunc" />
                <testcase name="verifyDepositMoney" time="0.419" classname="com.passport.testcase.VerifyDepositFunc" />
                <testcase name="verifyAccountBalance" time="0.120" classname="com.passport.testcase.VerifyDepositFunc" />
                <testcase name="verifyAccountBalance" time="0.175" classname="com.passport.testcase.VerifyDepositFunc" />
                <testcase name="verifyAccountBalance" time="0.087" classname="com.passport.testcase.VerifyDepositFunc" />
                <testcase name="verifyAccountBalance" time="0.128" classname="com.passport.testcase.VerifyDepositFunc" />
                <testcase name="verifyAccountBalance" time="0.103" classname="com.passport.testcase.VerifyDepositFunc" />
                <testcase name="verifyAccountBalance" time="0.125" classname="com.passport.testcase.VerifyDepositFunc" />
                <testcase name="verifyAccountBalance" time="0.089" classname="com.passport.testcase.VerifyDepositFunc" />
                <testcase name="verifyAccountBalance" time="0.123" classname="com.passport.testcase.VerifyDepositFunc" />
                <testcase name="verifyAccountBalance" time="0.119" classname="com.passport.testcase.VerifyDepositFunc" />
                <testcase name="verifyAccountBalance" time="0.106" classname="com.passport.testcase.VerifyDepositFunc" />
                <testcase name="verifyAccountBalance" time="0.117" classname="com.passport.testcase.VerifyDepositFunc" />
                <testcase name="verifyAccountBalance" time="0.099" classname="com.passport.testcase.VerifyDepositFunc" />
                <testcase name="verifyAccountBalance" time="0.120" classname="com.passport.testcase.VerifyDepositFunc" />
                <testcase name="verifyAccountBalance" time="0.140" classname="com.passport.testcase.VerifyDepositFunc" />
                <testcase name="verifyAccountBalance" time="0.200" classname="com.passport.testcase.VerifyDepositFunc" />
                <testcase name="verifyAccountBalance" time="0.084" classname="com.passport.testcase.VerifyDepositFunc" />
                <testcase name="verifyAccountBalance" time="0.144" classname="com.passport.testcase.VerifyDepositFunc" />
                <testcase name="verifyAccountBalance" time="0.117" classname="com.passport.testcase.VerifyDepositFunc" />
                <testcase name="verifyAccountBalance" time="0.124" classname="com.passport.testcase.VerifyDepositFunc" />
                <testcase name="verifyAccountBalance" time="0.135" classname="com.passport.testcase.VerifyDepositFunc" />
                <testcase name="verifyAccountBalance" time="0.182" classname="com.passport.testcase.VerifyDepositFunc" />
                <testcase name="verifyAccountBalance" time="0.148" classname="com.passport.testcase.VerifyDepositFunc" />
      
</testsuite>
