<?xml version="1.0" encoding="UTF-8"?>
<testsuite name="Test_2"
           tests="10"
           failures="0"
           errors="0"
           skipped="0"
           time="2.046">
  <properties />
  
  
            <testcase name="addCustomer" time="0.197" classname="com.passport.testcase.AddCustomerTest" />
                <testcase name="addCustomer" time="0.235" classname="com.passport.testcase.AddCustomerTest" />
                <testcase name="addCustomer" time="0.184" classname="com.passport.testcase.AddCustomerTest" />
                <testcase name="addCustomer" time="0.264" classname="com.passport.testcase.AddCustomerTest" />
                <testcase name="addCustomer" time="0.241" classname="com.passport.testcase.AddCustomerTest" />
                <testcase name="addCustomer" time="0.216" classname="com.passport.testcase.AddCustomerTest" />
                <testcase name="addCustomer" time="0.191" classname="com.passport.testcase.AddCustomerTest" />
                <testcase name="addCustomer" time="0.324" classname="com.passport.testcase.AddCustomerTest" />
                <testcase name="addCustomer" time="0.194" classname="com.passport.testcase.AddCustomerTest" />
                <testcase name="demoTEst" time="0.000" classname="com.passport.testcase.AddCustomerTest" />
      
</testsuite>
