<?xml version="1.0" encoding="UTF-8"?>
<!-- Generated by org.testng.reporters.JUnitXMLReporter -->
<testsuite ignored="2" hostname="VinothKumarG" failures="0" tests="19" name="Test_2" time="4.152" errors="0" timestamp="2023-09-20T22:46:36 IST">
  <testcase classname="com.passport.testcase.AddCustomerTest" name="addCustomer" time="0.358"/>
  <testcase classname="com.passport.testcase.AddCustomerTest" name="addCustomer" time="0.224"/>
  <testcase classname="com.passport.testcase.AddCustomerTest" name="addCustomer" time="0.276"/>
  <testcase classname="com.passport.testcase.AddCustomerTest" name="addCustomer" time="0.256"/>
  <testcase classname="com.passport.testcase.AddCustomerTest" name="addCustomer" time="0.288"/>
  <testcase classname="com.passport.testcase.AddCustomerTest" name="addCustomer" time="0.239"/>
  <testcase classname="com.passport.testcase.AddCustomerTest" name="addCustomer" time="0.241"/>
  <testcase classname="com.passport.testcase.AddCustomerTest" name="addCustomer" time="0.212"/>
  <testcase classname="com.passport.testcase.AddCustomerTest" name="addCustomer" time="0.175"/>
  <testcase classname="com.passport.testcase.AddCustomerTest" name="demoTEst" time="0.0"/>
  <testcase classname="com.passport.testcase.OpenAccountTest" name="openAcc" time="0.28"/>
  <testcase classname="com.passport.testcase.OpenAccountTest" name="openAcc" time="0.132"/>
  <testcase classname="com.passport.testcase.OpenAccountTest" name="openAcc" time="0.124"/>
  <testcase classname="com.passport.testcase.OpenAccountTest" name="openAcc" time="0.132"/>
  <testcase classname="com.passport.testcase.OpenAccountTest" name="openAcc" time="0.142"/>
  <testcase classname="com.passport.testcase.OpenAccountTest" name="openAcc" time="0.152"/>
  <testcase classname="com.passport.testcase.OpenAccountTest" name="openAcc" time="0.147"/>
  <testcase classname="com.passport.testcase.OpenAccountTest" name="openAcc" time="0.135"/>
  <testcase classname="com.passport.testcase.OpenAccountTest" name="openAcc" time="0.144"/>
  <testcase classname="com.passport.Base.TestBase" name="@BeforeSuite setUp" time="0.0">
    <ignored/>
  </testcase> <!-- @BeforeSuite setUp -->
  <testcase classname="com.passport.Base.TestBase" name="@AfterSuite tearDown" time="0.0">
    <ignored/>
  </testcase> <!-- @AfterSuite tearDown -->
</testsuite> <!-- Test_2 -->
