<?xml version="1.0" encoding="UTF-8"?>
<!-- Generated by org.testng.reporters.JUnitXMLReporter -->
<testsuite ignored="0" hostname="VinothKumarG" failures="0" tests="9" name="Test_3" time="1.214" errors="0" timestamp="2023-09-20T22:46:37 IST">
  <testcase classname="com.passport.testcase.VerifyCustomer" name="searchCustomer" time="0.215"/>
  <testcase classname="com.passport.testcase.VerifyCustomer" name="searchCustomer" time="0.107"/>
  <testcase classname="com.passport.testcase.VerifyCustomer" name="searchCustomer" time="0.1"/>
  <testcase classname="com.passport.testcase.VerifyCustomer" name="searchCustomer" time="0.11"/>
  <testcase classname="com.passport.testcase.VerifyCustomer" name="searchCustomer" time="0.11"/>
  <testcase classname="com.passport.testcase.VerifyCustomer" name="searchCustomer" time="0.136"/>
  <testcase classname="com.passport.testcase.VerifyCustomer" name="searchCustomer" time="0.144"/>
  <testcase classname="com.passport.testcase.VerifyCustomer" name="searchCustomer" time="0.128"/>
  <testcase classname="com.passport.testcase.VerifyCustomer" name="searchCustomer" time="0.121"/>
</testsuite> <!-- Test_3 -->
